{"timestamp":"2026-02-28T20:15:19.996Z","previousValue":[-933,34,57,-4541,-7969,-11633],"currentValue":[-882,52,30,4099,-4167,9984],"deltas":[51,18,27],"maxDelta":51}
{"timestamp":"2026-02-28T20:15:20.090Z","previousValue":[-882,52,30,4099,-4167,9984],"currentValue":[-944,40,43,-18641,83,-6183],"deltas":[62,12,13],"maxDelta":62}
{"timestamp":"2026-02-28T20:15:31.604Z","previousValue":[-935,48,35,-3137,-2076,274],"currentValue":[-588,-38,239,28201,30038,-1725],"deltas":[347,86,204],"maxDelta":347}
{"timestamp":"2026-02-28T20:15:31.696Z","previousValue":[-588,-38,239,28201,30038,-1725],"currentValue":[-907,47,7,-9488,8076,17076],"deltas":[319,85,232],"maxDelta":319}
{"timestamp":"2026-02-28T20:15:31.742Z","previousValue":[-907,47,7,-9488,8076,17076],"currentValue":[-800,73,55,6427,-2190,-4748],"deltas":[107,26,48],"maxDelta":107}
{"timestamp":"2026-02-28T20:15:31.832Z","previousValue":[-800,73,55,6427,-2190,-4748],"currentValue":[-966,17,33,-7885,6007,1763],"deltas":[166,56,22],"maxDelta":166}
{"timestamp":"2026-02-28T20:15:31.876Z","previousValue":[-966,17,33,-7885,6007,1763],"currentValue":[-912,64,27,3282,-1702,923],"deltas":[54,47,6],"maxDelta":54}
{"timestamp":"2026-02-28T20:15:41.280Z","previousValue":[-906,71,26,-10053,-1702,-2519],"currentValue":[-968,22,59,-6694,-2603,-2312],"deltas":[62,49,33],"maxDelta":62}
{"timestamp":"2026-02-28T20:15:41.324Z","previousValue":[-968,22,59,-6694,-2603,-2312],"currentValue":[-903,56,31,-1778,-2687,5229],"deltas":[65,34,28],"maxDelta":65}
{"timestamp":"2026-02-28T20:15:43.937Z","previousValue":[-932,44,51,-4587,-1534,977],"currentValue":[-738,131,-875,32149,-25132,2395],"deltas":[194,87,926],"maxDelta":926}
{"timestamp":"2026-02-28T20:15:44.026Z","previousValue":[-738,131,-875,32149,-25132,2395],"currentValue":[-746,519,273,5068,4975,-16900],"deltas":[8,388,1148],"maxDelta":1148}
{"timestamp":"2026-02-28T20:15:44.071Z","previousValue":[-746,519,273,5068,4975,-16900],"currentValue":[-1071,644,-111,-21399,21888,28019],"deltas":[325,125,384],"maxDelta":384}
{"timestamp":"2026-02-28T20:15:44.161Z","previousValue":[-1071,644,-111,-21399,21888,28019],"currentValue":[-889,377,193,4038,-7758,32387],"deltas":[182,267,304],"maxDelta":304}
{"timestamp":"2026-02-28T20:15:44.207Z","previousValue":[-889,377,193,4038,-7758,32387],"currentValue":[-318,343,-572,25262,2083,-23508],"deltas":[571,34,765],"maxDelta":765}
{"timestamp":"2026-02-28T20:15:44.298Z","previousValue":[-318,343,-572,25262,2083,-23508],"currentValue":[-1488,305,877,-5086,257,-3412],"deltas":[1170,38,1449],"maxDelta":1449}
{"timestamp":"2026-02-28T20:15:44.341Z","previousValue":[-1488,305,877,-5086,257,-3412],"currentValue":[-1389,527,1035,-15735,-13972,25259],"deltas":[99,222,158],"maxDelta":222}
{"timestamp":"2026-02-28T20:15:44.430Z","previousValue":[-1389,527,1035,-15735,-13972,25259],"currentValue":[-126,-206,-1276,20903,-25355,-13569],"deltas":[1263,733,2311],"maxDelta":2311}
{"timestamp":"2026-02-28T20:15:44.474Z","previousValue":[-126,-206,-1276,20903,-25355,-13569],"currentValue":[-925,854,594,1625,-12015,8576],"deltas":[799,1060,1870],"maxDelta":1870}
{"timestamp":"2026-02-28T20:15:44.567Z","previousValue":[-925,854,594,1625,-12015,8576],"currentValue":[-1259,775,1159,9145,11613,-23361],"deltas":[334,79,565],"maxDelta":565}
{"timestamp":"2026-02-28T20:15:44.609Z","previousValue":[-1259,775,1159,9145,11613,-23361],"currentValue":[-545,248,38,16374,12007,4593],"deltas":[714,527,1121],"maxDelta":1121}
{"timestamp":"2026-02-28T20:15:44.699Z","previousValue":[-545,248,38,16374,12007,4593],"currentValue":[-101,162,-846,14712,23544,-22784],"deltas":[444,86,884],"maxDelta":884}
{"timestamp":"2026-02-28T20:15:44.744Z","previousValue":[-101,162,-846,14712,23544,-22784],"currentValue":[-1581,670,1500,-29254,17395,21572],"deltas":[1480,508,2346],"maxDelta":2346}
{"timestamp":"2026-02-28T20:15:44.835Z","previousValue":[-1581,670,1500,-29254,17395,21572],"currentValue":[-1190,388,748,-22267,-2721,-28712],"deltas":[391,282,752],"maxDelta":752}
{"timestamp":"2026-02-28T20:15:44.882Z","previousValue":[-1190,388,748,-22267,-2721,-28712],"currentValue":[-281,197,-53,13290,-17437,-16491],"deltas":[909,191,801],"maxDelta":909}
{"timestamp":"2026-02-28T20:15:44.970Z","previousValue":[-281,197,-53,13290,-17437,-16491],"currentValue":[-619,216,-310,-29770,-12015,-26067],"deltas":[338,19,257],"maxDelta":338}
{"timestamp":"2026-02-28T20:15:45.016Z","previousValue":[-619,216,-310,-29770,-12015,-26067],"currentValue":[-1427,1356,1827,15326,-5089,-7842],"deltas":[808,1140,2137],"maxDelta":2137}
{"timestamp":"2026-02-28T20:15:45.107Z","previousValue":[-1427,1356,1827,15326,-5089,-7842],"currentValue":[-760,193,83,29636,22715,28853],"deltas":[667,1163,1744],"maxDelta":1744}
{"timestamp":"2026-02-28T20:15:45.151Z","previousValue":[-760,193,83,29636,22715,28853],"currentValue":[118,-97,-1357,7231,-24057,-22433],"deltas":[878,290,1440],"maxDelta":1440}
{"timestamp":"2026-02-28T20:15:45.242Z","previousValue":[118,-97,-1357,7231,-24057,-22433],"currentValue":[-1352,860,1402,12693,-14553,23056],"deltas":[1470,957,2759],"maxDelta":2759}
{"timestamp":"2026-02-28T20:15:45.287Z","previousValue":[-1352,860,1402,12693,-14553,23056],"currentValue":[-1337,855,1143,8061,11065,25334],"deltas":[15,5,259],"maxDelta":259}
{"timestamp":"2026-02-28T20:15:45.376Z","previousValue":[-1337,855,1143,8061,11065,25334],"currentValue":[-511,132,-180,-19666,12007,31494],"deltas":[826,723,1323],"maxDelta":1323}
{"timestamp":"2026-02-28T20:15:45.420Z","previousValue":[-511,132,-180,-19666,12007,31494],"currentValue":[-42,118,-811,14521,-21992,-10944],"deltas":[469,14,631],"maxDelta":631}
{"timestamp":"2026-02-28T20:15:45.512Z","previousValue":[-42,118,-811,14521,-21992,-10944],"currentValue":[-1443,562,1176,8694,1912,-11181],"deltas":[1401,444,1987],"maxDelta":1987}
{"timestamp":"2026-02-28T20:15:45.556Z","previousValue":[-1443,562,1176,8694,1912,-11181],"currentValue":[-1274,905,1100,-338,439,26778],"deltas":[169,343,76],"maxDelta":343}
{"timestamp":"2026-02-28T20:15:45.647Z","previousValue":[-1274,905,1100,-338,439,26778],"currentValue":[-611,306,50,26351,12007,-21995],"deltas":[663,599,1050],"maxDelta":1050}
{"timestamp":"2026-02-28T20:15:45.689Z","previousValue":[-611,306,50,26351,12007,-21995],"currentValue":[-28,269,-813,-21532,24859,-11419],"deltas":[583,37,863],"maxDelta":863}
{"timestamp":"2026-02-28T20:15:45.782Z","previousValue":[-28,269,-813,-21532,24859,-11419],"currentValue":[-1121,278,557,-29025,24019,-3616],"deltas":[1093,9,1370],"maxDelta":1370}
{"timestamp":"2026-02-28T20:15:45.826Z","previousValue":[-1121,278,557,-29025,24019,-3616],"currentValue":[-1534,802,1757,16109,-7300,-25735],"deltas":[413,524,1200],"maxDelta":1200}
{"timestamp":"2026-02-28T20:15:45.916Z","previousValue":[-1534,802,1757,16109,-7300,-25735],"currentValue":[-692,283,374,21832,12007,-25590],"deltas":[842,519,1383],"maxDelta":1383}
{"timestamp":"2026-02-28T20:15:45.961Z","previousValue":[-692,283,374,21832,12007,-25590],"currentValue":[-237,359,-338,24094,-15770,2946],"deltas":[455,76,712],"maxDelta":712}
{"timestamp":"2026-02-28T20:15:46.051Z","previousValue":[-237,359,-338,24094,-15770,2946],"currentValue":[-860,584,100,-21935,-12015,-22816],"deltas":[623,225,438],"maxDelta":623}
{"timestamp":"2026-02-28T20:15:46.096Z","previousValue":[-860,584,100,-21935,-12015,-22816],"currentValue":[-1270,781,1421,-25766,12564,11282],"deltas":[410,197,1321],"maxDelta":1321}
{"timestamp":"2026-02-28T20:15:46.187Z","previousValue":[-1270,781,1421,-25766,12564,11282],"currentValue":[-934,311,430,13349,12007,28303],"deltas":[336,470,991],"maxDelta":991}
{"timestamp":"2026-02-28T20:15:46.229Z","previousValue":[-934,311,430,13349,12007,28303],"currentValue":[-108,128,-804,-24051,-9987,-20328],"deltas":[826,183,1234],"maxDelta":1234}
{"timestamp":"2026-02-28T20:15:46.322Z","previousValue":[-108,128,-804,-24051,-9987,-20328],"currentValue":[-1123,506,658,7435,-12015,-25549],"deltas":[1015,378,1462],"maxDelta":1462}
{"timestamp":"2026-02-28T20:15:46.364Z","previousValue":[-1123,506,658,7435,-12015,-25549],"currentValue":[-1260,1033,1465,12412,-16074,-19414],"deltas":[137,527,807],"maxDelta":807}
{"timestamp":"2026-02-28T20:15:46.457Z","previousValue":[-1260,1033,1465,12412,-16074,-19414],"currentValue":[-788,341,278,26916,12007,19105],"deltas":[472,692,1187],"maxDelta":1187}
{"timestamp":"2026-02-28T20:15:46.501Z","previousValue":[-788,341,278,26916,12007,19105],"currentValue":[-159,247,-456,28208,20933,-2312],"deltas":[629,94,734],"maxDelta":734}
{"timestamp":"2026-02-28T20:15:46.592Z","previousValue":[-159,247,-456,28208,20933,-2312],"currentValue":[-504,498,-48,-14089,-12015,7691],"deltas":[345,251,408],"maxDelta":408}
{"timestamp":"2026-02-28T20:15:46.636Z","previousValue":[-504,498,-48,-14089,-12015,7691],"currentValue":[-1229,960,1442,-4773,29992,-32598],"deltas":[725,462,1490],"maxDelta":1490}
{"timestamp":"2026-02-28T20:15:46.725Z","previousValue":[-1229,960,1442,-4773,29992,-32598],"currentValue":[-811,668,675,-26941,12166,1486],"deltas":[418,292,767],"maxDelta":767}
{"timestamp":"2026-02-28T20:15:46.770Z","previousValue":[-811,668,675,-26941,12166,1486],"currentValue":[-261,433,-162,-19366,2731,5326],"deltas":[550,235,837],"maxDelta":837}
{"timestamp":"2026-02-28T20:15:46.861Z","previousValue":[-261,433,-162,-19366,2731,5326],"currentValue":[-218,152,-381,-13280,-12015,-27815],"deltas":[43,281,219],"maxDelta":281}
{"timestamp":"2026-02-28T20:15:46.906Z","previousValue":[-218,152,-381,-13280,-12015,-27815],"currentValue":[-1238,801,1142,-14053,19882,-28916],"deltas":[1020,649,1523],"maxDelta":1523}
{"timestamp":"2026-02-28T20:15:46.996Z","previousValue":[-1238,801,1142,-14053,19882,-28916],"currentValue":[-1174,916,1272,-27712,-17631,-15544],"deltas":[64,115,130],"maxDelta":130}
{"timestamp":"2026-02-28T20:15:47.041Z","previousValue":[-1174,916,1272,-27712,-17631,-15544],"currentValue":[-637,490,201,-25541,12007,25888],"deltas":[537,426,1071],"maxDelta":1071}
{"timestamp":"2026-02-28T20:15:47.130Z","previousValue":[-637,490,201,-25541,12007,25888],"currentValue":[-39,358,-600,-8540,-613,30460],"deltas":[598,132,801],"maxDelta":801}
{"timestamp":"2026-02-28T20:15:47.176Z","previousValue":[-39,358,-600,-8540,-613,30460],"currentValue":[-838,436,352,-11555,-12015,30376],"deltas":[799,78,952],"maxDelta":952}
{"timestamp":"2026-02-28T20:15:47.267Z","previousValue":[-838,436,352,-11555,-12015,30376],"currentValue":[-1353,863,1317,-27437,7824,-7152],"deltas":[515,427,965],"maxDelta":965}
{"timestamp":"2026-02-28T20:15:47.310Z","previousValue":[-1353,863,1317,-27437,7824,-7152],"currentValue":[-937,536,571,-6605,14572,32236],"deltas":[416,327,746],"maxDelta":746}
{"timestamp":"2026-02-28T20:15:47.401Z","previousValue":[-937,536,571,-6605,14572,32236],"currentValue":[-322,521,-217,-22312,30547,-14697],"deltas":[615,15,788],"maxDelta":788}
{"timestamp":"2026-02-28T20:15:47.445Z","previousValue":[-322,521,-217,-22312,30547,-14697],"currentValue":[-235,229,-334,5338,-20160,-15015],"deltas":[87,292,117],"maxDelta":292}
{"timestamp":"2026-02-28T20:15:47.491Z","previousValue":[-235,229,-334,5338,-20160,-15015],"currentValue":[-1277,460,819,2229,-7952,-11175],"deltas":[1042,231,1153],"maxDelta":1153}
{"timestamp":"2026-02-28T20:15:47.583Z","previousValue":[-1277,460,819,2229,-7952,-11175],"currentValue":[-1206,857,1345,-2704,10338,290],"deltas":[71,397,526],"maxDelta":526}
{"timestamp":"2026-02-28T20:15:47.624Z","previousValue":[-1206,857,1345,-2704,10338,290],"currentValue":[-695,338,282,30068,12007,15412],"deltas":[511,519,1063],"maxDelta":1063}
{"timestamp":"2026-02-28T20:15:47.717Z","previousValue":[-695,338,282,30068,12007,15412],"currentValue":[-255,268,-341,21956,-12082,-11839],"deltas":[440,70,623],"maxDelta":623}
{"timestamp":"2026-02-28T20:15:47.762Z","previousValue":[-255,268,-341,21956,-12082,-11839],"currentValue":[-494,475,-319,-25702,-12015,14788],"deltas":[239,207,22],"maxDelta":239}
{"timestamp":"2026-02-28T20:15:47.852Z","previousValue":[-494,475,-319,-25702,-12015,14788],"currentValue":[-1552,455,1080,-20842,334,12659],"deltas":[1058,20,1399],"maxDelta":1399}
{"timestamp":"2026-02-28T20:15:47.895Z","previousValue":[-1552,455,1080,-20842,334,12659],"currentValue":[-1221,503,1070,6364,-11582,6954],"deltas":[331,48,10],"maxDelta":331}
{"timestamp":"2026-02-28T20:15:47.987Z","previousValue":[-1221,503,1070,6364,-11582,6954],"currentValue":[-536,311,-158,-74,12068,2083],"deltas":[685,192,1228],"maxDelta":1228}
{"timestamp":"2026-02-28T20:15:48.029Z","previousValue":[-536,311,-158,-74,12068,2083],"currentValue":[-357,399,-483,-21748,-28954,28216],"deltas":[179,88,325],"maxDelta":325}
{"timestamp":"2026-02-28T20:15:48.120Z","previousValue":[-357,399,-483,-21748,-28954,28216],"currentValue":[-1864,294,830,9725,-12015,-16865],"deltas":[1507,105,1313],"maxDelta":1507}
{"timestamp":"2026-02-28T20:15:48.165Z","previousValue":[-1864,294,830,9725,-12015,-16865],"currentValue":[-1125,483,729,21625,-31746,7022],"deltas":[739,189,101],"maxDelta":739}
{"timestamp":"2026-02-28T20:15:48.255Z","previousValue":[-1125,483,729,21625,-31746,7022],"currentValue":[-671,141,-110,265,-13599,-725],"deltas":[454,342,839],"maxDelta":839}
{"timestamp":"2026-02-28T20:15:48.300Z","previousValue":[-671,141,-110,265,-13599,-725],"currentValue":[-925,517,272,8614,9534,-23693],"deltas":[254,376,382],"maxDelta":382}
{"timestamp":"2026-02-28T20:15:48.437Z","previousValue":[-895,504,271,-29824,-10849,-3992],"currentValue":[-453,606,747,3019,24496,30631],"deltas":[442,102,476],"maxDelta":476}
{"timestamp":"2026-02-28T20:15:48.525Z","previousValue":[-453,606,747,3019,24496,30631],"currentValue":[-648,60,-276,-14048,32378,8546],"deltas":[195,546,1023],"maxDelta":1023}
{"timestamp":"2026-02-28T20:15:48.572Z","previousValue":[-648,60,-276,-14048,32378,8546],"currentValue":[-1147,288,126,22330,-26983,-1195],"deltas":[499,228,402],"maxDelta":499}
{"timestamp":"2026-02-28T20:15:48.659Z","previousValue":[-1147,288,126,22330,-26983,-1195],"currentValue":[-1286,371,177,-23025,-9213,22767],"deltas":[139,83,51],"maxDelta":139}
{"timestamp":"2026-02-28T20:15:48.706Z","previousValue":[-1286,371,177,-23025,-9213,22767],"currentValue":[-880,403,-128,-8239,-21099,-26788],"deltas":[406,32,305],"maxDelta":406}
{"timestamp":"2026-02-28T20:15:48.797Z","previousValue":[-880,403,-128,-8239,-21099,-26788],"currentValue":[-908,228,115,18285,801,31323],"deltas":[28,175,243],"maxDelta":243}
{"timestamp":"2026-02-28T20:16:04.409Z","previousValue":[-919,161,67,-10580,358,-61],"currentValue":[-913,170,128,-6916,2335,2984],"deltas":[6,9,61],"maxDelta":61}
{"timestamp":"2026-02-28T20:16:04.906Z","previousValue":[-932,162,87,-12694,473,-763],"currentValue":[-866,158,97,6022,-4244,-1450],"deltas":[66,4,10],"maxDelta":66}
{"timestamp":"2026-02-28T20:16:04.952Z","previousValue":[-866,158,97,6022,-4244,-1450],"currentValue":[-956,173,88,-10580,351,-244],"deltas":[90,15,9],"maxDelta":90}
{"timestamp":"2026-02-28T20:16:05.041Z","previousValue":[-956,173,88,-10580,351,-244],"currentValue":[-904,162,98,1534,-4992,-664],"deltas":[52,11,10],"maxDelta":52}
{"timestamp":"2026-02-28T20:16:26.363Z","previousValue":[-914,161,96,-4610,-1358,1938],"currentValue":[-983,179,70,-7534,-854,-1862],"deltas":[69,18,26],"maxDelta":69}
{"timestamp":"2026-02-28T20:16:26.407Z","previousValue":[-983,179,70,-7534,-854,-1862],"currentValue":[-912,145,110,-664,-3511,129],"deltas":[71,34,40],"maxDelta":71}
{"timestamp":"2026-02-28T20:16:28.030Z","previousValue":[-914,157,87,-6572,-1000,106],"currentValue":[-782,112,83,14129,-9267,68],"deltas":[132,45,4],"maxDelta":132}
{"timestamp":"2026-02-28T20:16:28.118Z","previousValue":[-782,112,83,14129,-9267,68],"currentValue":[-933,156,92,-9503,1877,1305],"deltas":[151,44,9],"maxDelta":151}
{"timestamp":"2026-02-28T20:16:31.135Z","previousValue":[-874,154,84,-6816,-1473,572],"currentValue":[-1015,162,96,-6083,-1618,-5656],"deltas":[141,8,12],"maxDelta":141}
{"timestamp":"2026-02-28T20:16:31.177Z","previousValue":[-1015,162,96,-6083,-1618,-5656],"currentValue":[-896,165,102,9648,-4702,2305],"deltas":[119,3,6],"maxDelta":119}
{"timestamp":"2026-02-28T20:16:48.096Z","previousValue":[-905,162,69,-11587,5903,-18775],"currentValue":[-635,103,604,5158,-9143,28620],"deltas":[270,59,535],"maxDelta":535}
{"timestamp":"2026-02-28T20:16:48.185Z","previousValue":[-635,103,604,5158,-9143,28620],"currentValue":[-1563,107,-996,7106,-17410,5422],"deltas":[928,4,1600],"maxDelta":1600}
{"timestamp":"2026-02-28T20:16:48.233Z","previousValue":[-1563,107,-996,7106,-17410,5422],"currentValue":[-804,256,241,6330,21234,22536],"deltas":[759,149,1237],"maxDelta":1237}
{"timestamp":"2026-02-28T20:16:48.322Z","previousValue":[-804,256,241,6330,21234,22536],"currentValue":[-968,247,239,-28572,-8140,-29697],"deltas":[164,9,2],"maxDelta":164}
{"timestamp":"2026-02-28T20:16:48.367Z","previousValue":[-968,247,239,-28572,-8140,-29697],"currentValue":[-885,317,144,-4654,94,-18702],"deltas":[83,70,95],"maxDelta":95}
{"timestamp":"2026-02-28T20:16:48.458Z","previousValue":[-885,317,144,-4654,94,-18702],"currentValue":[-958,99,-67,-24862,-221,26809],"deltas":[73,218,211],"maxDelta":218}
{"timestamp":"2026-02-28T20:16:48.504Z","previousValue":[-958,99,-67,-24862,-221,26809],"currentValue":[-917,174,31,1351,-2603,13076],"deltas":[41,75,98],"maxDelta":98}
{"timestamp":"2026-02-28T20:16:48.684Z","previousValue":[-892,220,91,-458,-3175,5725],"currentValue":[-945,153,109,-25564,5122,-7351],"deltas":[53,67,18],"maxDelta":67}
{"timestamp":"2026-02-28T20:16:48.770Z","previousValue":[-945,153,109,-25564,5122,-7351],"currentValue":[-870,179,8,9007,-3587,12274],"deltas":[75,26,101],"maxDelta":101}
{"timestamp":"2026-02-28T20:16:48.814Z","previousValue":[-870,179,8,9007,-3587,12274],"currentValue":[-924,167,71,-21748,366,-10419],"deltas":[54,12,63],"maxDelta":63}
{"timestamp":"2026-02-28T20:16:52.914Z","previousValue":[-916,149,98,21969,16190,-12656],"currentValue":[-905,144,5,12427,13656,-16061],"deltas":[11,5,93],"maxDelta":93}
{"timestamp":"2026-02-28T20:16:53.138Z","previousValue":[-912,150,10,24620,-12236,-1641],"currentValue":[-896,157,91,24969,5862,13007],"deltas":[16,7,81],"maxDelta":81}
